  Building Custom Rule E:/mongo-c-dirver_VS2019/src/libbson/CMakeLists.txt
  common-b64.c
  common-md5.c
  common-thread.c
  bcon.c
  bson-atomic.c
  bson-clock.c
  bson-context.c
  bson-decimal128.c
  bson-error.c
  bson-iso8601.c
  bson-iter.c
  bson-json.c
  bson-keys.c
  bson-md5.c
  bson-memory.c
  bson-oid.c
  bson-reader.c
  bson-string.c
  bson-timegm.c
  bson-utf8.c
  正在生成代码...
  正在编译...
  bson-value.c
  bson-version-functions.c
  bson-writer.c
  bson.c
  jsonsl.c
  正在生成代码...
  bson_static.vcxproj -> E:\mongo-c-dirver_VS2019\build_vs\src\libbson\Release\bson-static-1.0.lib
